<?xml version="1.0" encoding="UTF-8"?>
<!-- Generated by org.testng.reporters.JUnitReportReporter -->
<testsuite hostname="DESKTOP-5HQLAVR" failures="0" tests="1" name="testCases.loginPageTest" time="36.402" errors="0" timestamp="2022-10-12T21:44:25 IST" skipped="0">
  <testcase classname="testCases.loginPageTest" name="LoginTest" time="36.402"/>
  <system-out/>
</testsuite> <!-- testCases.loginPageTest -->
