<?xml version="1.0" encoding="UTF-8"?>
<!-- Generated by org.testng.reporters.JUnitReportReporter -->
<testsuite hostname="DESKTOP-5HQLAVR" failures="0" tests="1" name="testCases.SearchResultPageTest" time="33.709" errors="0" timestamp="2022-10-12T23:36:53 IST" skipped="0">
  <testcase classname="testCases.SearchResultPageTest" name="productAvailabilityTest" time="33.709"/>
  <system-out/>
</testsuite> <!-- testCases.SearchResultPageTest -->
