<?xml version="1.0" encoding="UTF-8"?>
<!-- Generated by org.testng.reporters.JUnitReportReporter -->
<testsuite hostname="DESKTOP-5HQLAVR" failures="0" tests="1" name="testCases.AccountCreationPageTest" time="36.005" errors="0" timestamp="2022-10-12T22:03:55 IST" skipped="0">
  <testcase classname="testCases.AccountCreationPageTest" name="verifyCreateAccountPageTest" time="36.005"/>
  <system-out/>
</testsuite> <!-- testCases.AccountCreationPageTest -->
