<?xml version="1.0" encoding="UTF-8"?>
<!-- Generated by org.testng.reporters.JUnitReportReporter -->
<testsuite hostname="DESKTOP-5HQLAVR" failures="0" tests="2" name="testCases.HomePageTest" time="51.891" errors="0" timestamp="2022-10-12T21:51:46 IST" skipped="0">
  <testcase classname="testCases.HomePageTest" name="WishlistTest" time="28.077"/>
  <system-out/>
  <testcase classname="testCases.HomePageTest" name="orderHistoryandDetailsTest" time="23.814"/>
  <system-out/>
</testsuite> <!-- testCases.HomePageTest -->
