<?xml version="1.0" encoding="UTF-8"?>
<!-- Generated by org.testng.reporters.JUnitReportReporter -->
<testsuite hostname="DESKTOP-5HQLAVR" failures="0" tests="2" name="testCases.IndexPageTest" time="26.788" errors="0" timestamp="2022-10-13T00:51:35 IST" skipped="0">
  <testcase classname="testCases.IndexPageTest" name="verifyTitle" time="13.958"/>
  <system-out/>
  <testcase classname="testCases.IndexPageTest" name="verifyShopLogo" time="12.830"/>
  <system-out/>
</testsuite> <!-- testCases.IndexPageTest -->
